<?xml version="1.0" encoding="UTF-8"?>
<testsuite name="ru.stqa.pft.addressbook.tests.ContactCreationTests" tests="1" skipped="0" failures="0" errors="0" timestamp="2021-03-05T15:36:08" hostname="RORONOA_PC" time="1.331">
  <properties/>
  <testcase name="testContactCreation" classname="ru.stqa.pft.addressbook.tests.ContactCreationTests" time="1.331"/>
  <system-out><![CDATA[17:36:08.792 [Test worker] INFO  r.s.pft.addressbook.tests.TestBase - Start test testContactCreation with parameters []
17:36:08.848 [Test worker] INFO  o.h.h.i.QueryTranslatorFactoryInitiator - HHH000397: Using ASTQueryTranslatorFactory
Hibernate: select groupdata0_.group_id as group_id1_2_, groupdata0_.group_footer as group_fo2_2_, groupdata0_.group_header as group_he3_2_, groupdata0_.group_name as group_na4_2_ from group_list groupdata0_
17:36:10.127 [Test worker] INFO  r.s.pft.addressbook.tests.TestBase - Stop test testContactCreation
]]></system-out>
  <system-err><![CDATA[]]></system-err>
</testsuite>
